[
  {
    "line": 2,
    "elements": [
      {
        "start_timestamp": "2022-11-25T05:26:20.977Z",
        "before": [
          {
            "result": {
              "duration": 18712499200,
              "status": "passed"
            },
            "match": {
              "location": "HooksClass.beforeScenario()"
            }
          }
        ],
        "line": 4,
        "name": "",
        "description": "To user has to place a product through valid id credential",
        "id": "user-has-to-order-the-products-and-print-bill-on-console;",
        "after": [
          {
            "result": {
              "error_message": "java.lang.IllegalArgumentException: testName cannot be null or empty\r\n\tat com.aventstack.extentreports.ExtentTest.\u003cinit\u003e(ExtentTest.java:88)\r\n\tat com.aventstack.extentreports.ExtentTest.\u003cinit\u003e(ExtentTest.java:109)\r\n\tat com.aventstack.extentreports.ExtentReports.createTest(ExtentReports.java:231)\r\n\tat com.aventstack.extentreports.ExtentReports.createTest(ExtentReports.java:247)\r\n\tat org.base.Cucumber_ExtendReport.createTestLog(Cucumber_ExtendReport.java:32)\r\n\tat org.stepdefinition.HooksClass.AfterScenario(HooksClass.java:37)\r\n\tat sun.reflect.NativeMethodAccessorImpl.invoke0(Native Method)\r\n\tat sun.reflect.NativeMethodAccessorImpl.invoke(Unknown Source)\r\n\tat sun.reflect.DelegatingMethodAccessorImpl.invoke(Unknown Source)\r\n\tat java.lang.reflect.Method.invoke(Unknown Source)\r\n\tat cucumber.runtime.Utils$1.call(Utils.java:26)\r\n\tat cucumber.runtime.Timeout.timeout(Timeout.java:16)\r\n\tat cucumber.runtime.Utils.invoke(Utils.java:20)\r\n\tat cucumber.runtime.java.JavaHookDefinition.execute(JavaHookDefinition.java:65)\r\n\tat cucumber.runner.HookDefinitionMatch.runStep(HookDefinitionMatch.java:16)\r\n\tat cucumber.runner.TestStep.executeStep(TestStep.java:65)\r\n\tat cucumber.runner.TestStep.run(TestStep.java:50)\r\n\tat cucumber.runner.TestCase.run(TestCase.java:50)\r\n\tat cucumber.runner.Runner.runPickle(Runner.java:50)\r\n\tat io.cucumber.junit.PickleRunners$NoStepDescriptions.run(PickleRunners.java:146)\r\n\tat io.cucumber.junit.FeatureRunner.runChild(FeatureRunner.java:68)\r\n\tat io.cucumber.junit.FeatureRunner.runChild(FeatureRunner.java:23)\r\n\tat org.junit.runners.ParentRunner$3.run(ParentRunner.java:290)\r\n\tat org.junit.runners.ParentRunner$1.schedule(ParentRunner.java:71)\r\n\tat org.junit.runners.ParentRunner.runChildren(ParentRunner.java:288)\r\n\tat org.junit.runners.ParentRunner.access$000(ParentRunner.java:58)\r\n\tat org.junit.runners.ParentRunner$2.evaluate(ParentRunner.java:268)\r\n\tat org.junit.runners.ParentRunner.run(ParentRunner.java:363)\r\n\tat io.cucumber.junit.Cucumber.runChild(Cucumber.java:144)\r\n\tat io.cucumber.junit.Cucumber.runChild(Cucumber.java:65)\r\n\tat org.junit.runners.ParentRunner$3.run(ParentRunner.java:290)\r\n\tat org.junit.runners.ParentRunner$1.schedule(ParentRunner.java:71)\r\n\tat org.junit.runners.ParentRunner.runChildren(ParentRunner.java:288)\r\n\tat org.junit.runners.ParentRunner.access$000(ParentRunner.java:58)\r\n\tat org.junit.runners.ParentRunner$2.evaluate(ParentRunner.java:268)\r\n\tat io.cucumber.junit.Cucumber$RunCucumber.evaluate(Cucumber.java:174)\r\n\tat org.junit.internal.runners.statements.RunBefores.evaluate(RunBefores.java:26)\r\n\tat org.junit.internal.runners.statements.RunAfters.evaluate(RunAfters.java:27)\r\n\tat org.junit.runners.ParentRunner.run(ParentRunner.java:363)\r\n\tat org.eclipse.jdt.internal.junit4.runner.JUnit4TestReference.run(JUnit4TestReference.java:86)\r\n\tat org.eclipse.jdt.internal.junit.runner.TestExecution.run(TestExecution.java:38)\r\n\tat org.eclipse.jdt.internal.junit.runner.RemoteTestRunner.runTests(RemoteTestRunner.java:538)\r\n\tat org.eclipse.jdt.internal.junit.runner.RemoteTestRunner.runTests(RemoteTestRunner.java:760)\r\n\tat org.eclipse.jdt.internal.junit.runner.RemoteTestRunner.run(RemoteTestRunner.java:460)\r\n\tat org.eclipse.jdt.internal.junit.runner.RemoteTestRunner.main(RemoteTestRunner.java:206)\r\n",
              "duration": 8877600,
              "status": "failed"
            },
            "match": {
              "location": "HooksClass.AfterScenario(Scenario)"
            }
          }
        ],
        "type": "scenario",
        "keyword": "Scenario",
        "steps": [
          {
            "result": {
              "duration": 4729500,
              "status": "passed"
            },
            "line": 6,
            "name": "The user should be in varified page",
            "match": {
              "location": "StepdefinitionSaucedemo.the_user_should_be_in_varified_page()"
            },
            "keyword": "Given "
          },
          {
            "result": {
              "duration": 2741253700,
              "status": "passed"
            },
            "line": 7,
            "name": "user pass the username \"standard_user\" and password \"secret_sauce\" and click login btn",
            "match": {
              "arguments": [
                {
                  "val": "\"standard_user\"",
                  "offset": 23
                },
                {
                  "val": "\"secret_sauce\"",
                  "offset": 52
                }
              ],
              "location": "StepdefinitionSaucedemo.user_pass_the_username_and_password_and_click_login_btn(String,String)"
            },
            "keyword": "When "
          },
          {
            "result": {
              "duration": 181446100,
              "status": "passed"
            },
            "line": 8,
            "name": "User add a some products on homepage",
            "match": {
              "location": "StepdefinitionSaucedemo.user_add_a_some_products_on_homepage()"
            },
            "keyword": "And "
          },
          {
            "result": {
              "duration": 211919000,
              "status": "passed"
            },
            "line": 9,
            "name": "user click add icon button",
            "match": {
              "location": "StepdefinitionSaucedemo.user_click_add_icon_button()"
            },
            "keyword": "And "
          },
          {
            "result": {
              "duration": 157974900,
              "status": "passed"
            },
            "line": 10,
            "name": "user click the check btn",
            "match": {
              "location": "StepdefinitionSaucedemo.user_click_the_check_btn()"
            },
            "keyword": "And "
          },
          {
            "result": {
              "duration": 207305900,
              "status": "passed"
            },
            "line": 11,
            "name": "User click the continue btn for next billing section",
            "match": {
              "location": "StepdefinitionSaucedemo.user_click_the_continue_btn_for_next_billing_section()"
            },
            "keyword": "And "
          },
          {
            "result": {
              "duration": 828586900,
              "status": "passed"
            },
            "line": 12,
            "name": "User pass the firstname,lastname and pincode options",
            "match": {
              "location": "StepdefinitionSaucedemo.user_pass_the_firstname_lastname_and_pincode_options(DataTable)"
            },
            "rows": [
              {
                "cells": [
                  "manikandan",
                  "manimaddy",
                  "600081"
                ]
              }
            ],
            "keyword": "And "
          },
          {
            "result": {
              "duration": 298535500,
              "status": "passed"
            },
            "line": 14,
            "name": "user click the btn",
            "match": {
              "location": "StepdefinitionSaucedemo.user_click_the_btn()"
            },
            "keyword": "And "
          },
          {
            "result": {
              "duration": 318890800,
              "status": "passed"
            },
            "line": 15,
            "name": "user print in console bill",
            "match": {
              "location": "StepdefinitionSaucedemo.user_print_in_console_bill()"
            },
            "keyword": "And "
          },
          {
            "result": {
              "duration": 220560100,
              "status": "passed"
            },
            "line": 16,
            "name": "user scrolldown and click finish button",
            "match": {
              "location": "StepdefinitionSaucedemo.user_scrolldown_and_click_finish_button()"
            },
            "keyword": "Then "
          }
        ],
        "tags": [
          {
            "name": "@E2E"
          }
        ]
      },
      {
        "start_timestamp": "2022-11-25T05:26:45.147Z",
        "before": [
          {
            "result": {
              "duration": 7885562500,
              "status": "passed"
            },
            "match": {
              "location": "HooksClass.beforeScenario()"
            }
          }
        ],
        "line": 19,
        "name": "",
        "description": "To pass the invalid user and password to check software design",
        "id": "user-has-to-order-the-products-and-print-bill-on-console;",
        "after": [
          {
            "result": {
              "error_message": "java.lang.IllegalArgumentException: testName cannot be null or empty\r\n\tat com.aventstack.extentreports.ExtentTest.\u003cinit\u003e(ExtentTest.java:88)\r\n\tat com.aventstack.extentreports.ExtentTest.\u003cinit\u003e(ExtentTest.java:109)\r\n\tat com.aventstack.extentreports.ExtentReports.createTest(ExtentReports.java:231)\r\n\tat com.aventstack.extentreports.ExtentReports.createTest(ExtentReports.java:247)\r\n\tat org.base.Cucumber_ExtendReport.createTestLog(Cucumber_ExtendReport.java:32)\r\n\tat org.stepdefinition.HooksClass.AfterScenario(HooksClass.java:37)\r\n\tat sun.reflect.NativeMethodAccessorImpl.invoke0(Native Method)\r\n\tat sun.reflect.NativeMethodAccessorImpl.invoke(Unknown Source)\r\n\tat sun.reflect.DelegatingMethodAccessorImpl.invoke(Unknown Source)\r\n\tat java.lang.reflect.Method.invoke(Unknown Source)\r\n\tat cucumber.runtime.Utils$1.call(Utils.java:26)\r\n\tat cucumber.runtime.Timeout.timeout(Timeout.java:16)\r\n\tat cucumber.runtime.Utils.invoke(Utils.java:20)\r\n\tat cucumber.runtime.java.JavaHookDefinition.execute(JavaHookDefinition.java:65)\r\n\tat cucumber.runner.HookDefinitionMatch.runStep(HookDefinitionMatch.java:16)\r\n\tat cucumber.runner.TestStep.executeStep(TestStep.java:65)\r\n\tat cucumber.runner.TestStep.run(TestStep.java:50)\r\n\tat cucumber.runner.TestCase.run(TestCase.java:50)\r\n\tat cucumber.runner.Runner.runPickle(Runner.java:50)\r\n\tat io.cucumber.junit.PickleRunners$NoStepDescriptions.run(PickleRunners.java:146)\r\n\tat io.cucumber.junit.FeatureRunner.runChild(FeatureRunner.java:68)\r\n\tat io.cucumber.junit.FeatureRunner.runChild(FeatureRunner.java:23)\r\n\tat org.junit.runners.ParentRunner$3.run(ParentRunner.java:290)\r\n\tat org.junit.runners.ParentRunner$1.schedule(ParentRunner.java:71)\r\n\tat org.junit.runners.ParentRunner.runChildren(ParentRunner.java:288)\r\n\tat org.junit.runners.ParentRunner.access$000(ParentRunner.java:58)\r\n\tat org.junit.runners.ParentRunner$2.evaluate(ParentRunner.java:268)\r\n\tat org.junit.runners.ParentRunner.run(ParentRunner.java:363)\r\n\tat io.cucumber.junit.Cucumber.runChild(Cucumber.java:144)\r\n\tat io.cucumber.junit.Cucumber.runChild(Cucumber.java:65)\r\n\tat org.junit.runners.ParentRunner$3.run(ParentRunner.java:290)\r\n\tat org.junit.runners.ParentRunner$1.schedule(ParentRunner.java:71)\r\n\tat org.junit.runners.ParentRunner.runChildren(ParentRunner.java:288)\r\n\tat org.junit.runners.ParentRunner.access$000(ParentRunner.java:58)\r\n\tat org.junit.runners.ParentRunner$2.evaluate(ParentRunner.java:268)\r\n\tat io.cucumber.junit.Cucumber$RunCucumber.evaluate(Cucumber.java:174)\r\n\tat org.junit.internal.runners.statements.RunBefores.evaluate(RunBefores.java:26)\r\n\tat org.junit.internal.runners.statements.RunAfters.evaluate(RunAfters.java:27)\r\n\tat org.junit.runners.ParentRunner.run(ParentRunner.java:363)\r\n\tat org.eclipse.jdt.internal.junit4.runner.JUnit4TestReference.run(JUnit4TestReference.java:86)\r\n\tat org.eclipse.jdt.internal.junit.runner.TestExecution.run(TestExecution.java:38)\r\n\tat org.eclipse.jdt.internal.junit.runner.RemoteTestRunner.runTests(RemoteTestRunner.java:538)\r\n\tat org.eclipse.jdt.internal.junit.runner.RemoteTestRunner.runTests(RemoteTestRunner.java:760)\r\n\tat org.eclipse.jdt.internal.junit.runner.RemoteTestRunner.run(RemoteTestRunner.java:460)\r\n\tat org.eclipse.jdt.internal.junit.runner.RemoteTestRunner.main(RemoteTestRunner.java:206)\r\n",
              "duration": 276400,
              "status": "failed"
            },
            "match": {
              "location": "HooksClass.AfterScenario(Scenario)"
            }
          }
        ],
        "type": "scenario",
        "keyword": "Scenario",
        "steps": [
          {
            "result": {
              "duration": 791800,
              "status": "passed"
            },
            "line": 22,
            "name": "The user should be in varified page",
            "match": {
              "location": "StepdefinitionSaucedemo.the_user_should_be_in_varified_page()"
            },
            "keyword": "Given "
          },
          {
            "result": {
              "duration": 652848900,
              "status": "passed"
            },
            "line": 23,
            "name": "user pass the username \"standaruser\" and password \"secresauce\" and click login btn",
            "match": {
              "arguments": [
                {
                  "val": "\"standaruser\"",
                  "offset": 23
                },
                {
                  "val": "\"secresauce\"",
                  "offset": 50
                }
              ],
              "location": "StepdefinitionSaucedemo.user_pass_the_username_and_password_and_click_login_btn(String,String)"
            },
            "keyword": "When "
          },
          {
            "result": {
              "duration": 16766700,
              "status": "passed"
            },
            "line": 24,
            "name": "to check assert current url and assert verification",
            "match": {
              "location": "StepdefinitionSaucedemo.to_check_assert_current_url_and_assert_verification()"
            },
            "keyword": "Then "
          }
        ],
        "tags": [
          {
            "name": "@E2E"
          }
        ]
      }
    ],
    "name": "User has to order the products and print bill on console",
    "description": "",
    "id": "user-has-to-order-the-products-and-print-bill-on-console",
    "keyword": "Feature",
    "uri": "file:src/test/resources/Features/saucedemo.feature",
    "tags": [
      {
        "name": "@E2E",
        "type": "Tag",
        "location": {
          "line": 1,
          "column": 1
        }
      }
    ]
  }
]